["```py\n**# pyvenv test_venv**\n**# . ./test_venv/bin/activate**\n**(test_venv) #**\n\n```", "```py\n    **python -m venv test_venv**\n\n    ```", "```py\n    **python Python\\Tools\\Scripts\\pyvenv.py test_venv**\n\n    ```", "```py\n**C:\\envs>python -m venv test_venv**\n**C:\\envs>test_venv\\Scripts\\activate.bat**\n**(test_venv) C:\\envs>**\n\n```", "```py\n **x86_64-linux-gnu-gcc: error: build/temp.linux-x86_64-3.4/libImaging/Jpeg2KDecode.o: No such file or directory**\n **x86_64-linux-gnu-gcc: error: build/temp.linux-x86_64-3.4/libImaging/Jpeg2KEncode.o: No such file or directory**\n **x86_64-linux-gnu-gcc: error: build/temp.linux-x86_64-3.4/libImaging/BoxBlur.o: No such file or directory**\n **error: command 'x86_64-linux-gnu-gcc' failed with exit status 1**\n\n **----------------------------------------**\n**Command \"python3 -c \"import setuptools, tokenize;__file__='/tmp/pip-build-_f0ryusw/pillow/setup.py';exec(compile(getattr(tokenize, 'open', open)(__file__).read().replace('\\r\\n', '\\n'), __file__, 'exec'))\" install --record /tmp/pip-kmmobum2-record/install-record.txt --single-version-externally-managed --compile --install-headers include/site/python3.4/pillow\" failed with error code 1 in /tmp/pip-build-_f0ryusw/pillow**\n\n```", "```py\n **In file included from libImaging/Imaging.h:14:0,**\n **from libImaging/Resample.c:16:**\n **libImaging/ImPlatform.h:10:20: fatal error: Python.h: No such file or directory**\n **#include \"Python.h\"**\n **^**\n **compilation terminated.**\n\n```", "```py\n**# sudo apt-get install python3-dev**\n\n```", "```py\n**# sudo apt-get build-dep python3**\n\n```", "```py\n**# sudo apt-get install python3-devel**\n\n```", "```py\n**# yum-builddep python3**\n\n```", "```py\n**# xcode-select --install**\n\n```", "```py\n**# /usr/bin/ruby -e \"$(curl -fsSL https://raw.githubusercontent.com/Homebrew/install/master/install)\"**\n\n```", "```py\n**# brew install python3**\n\n```"]